<?xml version="1.0" encoding="UTF-8"?>
<testsuite xmlns:xsi="http://www.w3.org/2001/XMLSchema-instance" xsi:noNamespaceSchemaLocation="https://maven.apache.org/surefire/maven-surefire-plugin/xsd/surefire-test-report.xsd" version="3.0.2" name="com.exampleback.demo.DemoApplicationTests" time="7.144" tests="1" errors="0" skipped="0" failures="0" flakes="0">
  <properties>
[...]
</properties>
  <testcase name="contextLoads" classname="com.exampleback.demo.DemoApplicationTests" time="1.4">
    <system-out><![CDATA[14:17:51.103 [main] INFO org.springframework.test.context.support.AnnotationConfigContextLoaderUtils -- Could not detect default configuration classes for test class [com.exampleback.demo.DemoApplicationTests]: DemoApplicationTests does not declare any static, non-private, non-final, nested classes annotated with @Configuration.
14:17:51.301 [main] INFO org.springframework.boot.test.context.SpringBootTestContextBootstrapper -- Found @SpringBootConfiguration com.exampleback.demo.DemoApplication for test class com.exampleback.demo.DemoApplicationTests
14:17:51.500 [main] INFO org.springframework.test.context.support.AnnotationConfigContextLoaderUtils -- Could not detect default configuration classes for test class [com.exampleback.demo.DemoApplicationTests]: DemoApplicationTests does not declare any static, non-private, non-final, nested classes annotated with @Configuration.
14:17:51.504 [main] INFO org.springframework.boot.test.context.SpringBootTestContextBootstrapper -- Found @SpringBootConfiguration com.exampleback.demo.DemoApplication for test class com.exampleback.demo.DemoApplicationTests
14:17:51.703 [main] INFO org.springframework.boot.devtools.restart.RestartApplicationListener -- Restart disabled due to context in which it is running

  .   ____          _            __ _ _
 /\\ / ___'_ __ _ _(_)_ __  __ _ \ \ \ \
( ( )\___ | '_ | '_| | '_ \/ _` | \ \ \ \
 \\/  ___)| |_)| | | | | || (_| |  ) ) ) )
  '  |____| .__|_| |_|_| |_\__, | / / / /
 =========|_|==============|___/=/_/_/_/

 :: Spring Boot ::                (v4.0.6)

2026-06-10T14:17:52.329-06:00  INFO 25116 --- [demo] [           main] c.exampleback.demo.DemoApplicationTests  : Starting DemoApplicationTests using Java 21.0.11 with PID 25116 (started by verga in C:\Users\verga\codigos\Sprint5Web\backFinalProgramacionWeb-master\backFinalProgramacionWeb-master\demo)
2026-06-10T14:17:52.332-06:00  INFO 25116 --- [demo] [           main] c.exampleback.demo.DemoApplicationTests  : No active profile set, falling back to 1 default profile: "default"
2026-06-10T14:17:54.370-06:00  WARN 25116 --- [demo] [           main] .s.a.UserDetailsServiceAutoConfiguration : 

Using generated security password: bb010c3b-5595-4f27-8e24-e8119d95e06c

This generated password is for development use only. Your security configuration must be updated before running your application in production.

2026-06-10T14:17:54.383-06:00  INFO 25116 --- [demo] [           main] r$InitializeUserDetailsManagerConfigurer : Global AuthenticationManager configured with UserDetailsService bean with name inMemoryUserDetailsManager
2026-06-10T14:17:55.467-06:00  INFO 25116 --- [demo] [           main] c.exampleback.demo.DemoApplicationTests  : Started DemoApplicationTests in 3.799 seconds (process running for 6.349)
]]></system-out>
    <system-err><![CDATA[Mockito is currently self-attaching to enable the inline-mock-maker. This will no longer work in future releases of the JDK. Please add Mockito as an agent to your build as described in Mockito's documentation: https://javadoc.io/doc/org.mockito/mockito-core/latest/org.mockito/org/mockito/Mockito.html#0.3
WARNING: A Java agent has been loaded dynamically (C:\Users\verga\.m2\repository\net\bytebuddy\byte-buddy-agent\1.17.8\byte-buddy-agent-1.17.8.jar)
WARNING: If a serviceability tool is in use, please run with -XX:+EnableDynamicAgentLoading to hide this warning
WARNING: If a serviceability tool is not in use, please run with -Djdk.instrument.traceUsage for more information
WARNING: Dynamic loading of agents will be disallowed by default in a future release
]]></system-err>
  </testcase>
</testsuite>